example/build/app/intermediates/manifest_merge_blame_file/debug/manifest-merger-blame-debug-report.txt
1<?xml version="1.0" encoding="utf-8"?>
2<manifest xmlns:android="http://schemas.android.com/apk/res/android"
3    package="kr.co.bootpay.webviewflutterandroidexample"
4    android:versionCode="1"
5    android:versionName="1.0" >
6
7    <uses-sdk
8        android:minSdkVersion="21"
9        android:targetSdkVersion="31" />
10    <!--
11         Flutter needs it to communicate with the running application
12         to allow setting breakpoints, to provide hot reload, etc.
13    -->
14    <uses-permission android:name="android.permission.INTERNET" />
14-->src/main/AndroidManifest.xml:37:3-64
14-->src/main/AndroidManifest.xml:37:20-62
15    <!--
16     When tests are ran on Firebase Test Lab, a wake lock
17       permission failure prevents tests from running.
18    -->
19    <uses-permission android:name="android.permission.WAKE_LOCK" />
19-->src/main/AndroidManifest.xml:42:3-66
19-->src/main/AndroidManifest.xml:42:20-63
20    <uses-permission android:name="android.permission.READ_PHONE_STATE" /> <!-- android 11 모든 앱 접근 권한 사용  (Google Play 가이드라인 참고 - 2021-02-19 기준 못찾았음) -->
20-->[:bootpay_webview_flutter_android] AndroidManifest.xml:8:5-75
20-->[:bootpay_webview_flutter_android] AndroidManifest.xml:8:22-72
21    <!-- <uses-permission android:name="android.permission.QUERY_ALL_PACKAGES" tools:ignore="QueryAllPackagesPermission" /> -->
22    <!-- android 11 Package Visibility 설정 (compileSdkVersion, targetSdkVersion 30 이상 설정시 필수) -->
23    <!-- 2021-02-19 -->
24    <queries>
24-->[:bootpay_webview_flutter_android] AndroidManifest.xml:14:5-87:15
25
26        <!-- 다날[신한, BC(페이북), 국민, 현대, 삼성, 하나, 롯데, 농협, 우리, 씨티, 페이코, 삼성페이, 카카오페이, 뱅크페이, SSG페이, 스마일페이, 엘페이] -->
27        <!-- KCP [페이코, 현대, BC(페이북), 롯데, 국민, 농협, 삼성, 신한, 우리, 하나, 씨티] -->
28        <!-- 이니시스 [카카오페이, 네이버페이, 신한, 하나, 현대, 삼성, 국민, BC(페이북), 농협, 롯데, 씨티, 페이코, 엘페이, SSG페이, 차이, 토스, 삼성페이] -->
29        <!-- 나이스페이 [신한, 국민, 삼성, BC(페이북), 롯데, 현대, 하나 농협, 씨티, 우리] -->
30        <!-- 토스페이먼츠 [현대, 신한, 페이북, 국민, 삼성, 롯데, 농협, 우리] -->
31        <!-- 이지페이 [현대, 하나, 국민, 롯데, 삼성, BC(페이북) 신한, 하나, 농협, 씨티, 우리, 페이코] -->
32        <!-- 티페이 [BC(페이북), 국민, 하나, 삼성, 신한, 현대, 롯데, 농협, 씨티, 우리] -->
33        <!-- 페이레터 [BC(페이북), 국민, 하나, 삼성, 신한, 현대. 롯데, 농협, 씨티, ] -->
34        <!-- 월컴페이먼츠 [카카오, 엘페이, 현대, BC(페이북), 국민, 삼성, 신한, 롯데, 농협, 하나, 씨티, 하나, 우리] -->
35
36
37        <!-- 간편결제 -->
38        <package android:name="com.nhnent.payapp" /> <!-- 페이코 -->
38-->[:bootpay_webview_flutter_android] AndroidManifest.xml:28:9-53
38-->[:bootpay_webview_flutter_android] AndroidManifest.xml:28:18-50
39        <package android:name="com.lottemembers.android" /> <!-- LPAY -->
39-->[:bootpay_webview_flutter_android] AndroidManifest.xml:29:9-60
39-->[:bootpay_webview_flutter_android] AndroidManifest.xml:29:18-57
40        <package android:name="com.ssg.serviceapp.android.egiftcertificate" /> <!-- SSG 페이 -->
40-->[:bootpay_webview_flutter_android] AndroidManifest.xml:30:9-79
40-->[:bootpay_webview_flutter_android] AndroidManifest.xml:30:18-76
41        <package android:name="com.inicis.kpay" /> <!-- 이니시스 KPAY -->
41-->[:bootpay_webview_flutter_android] AndroidManifest.xml:31:9-51
41-->[:bootpay_webview_flutter_android] AndroidManifest.xml:31:18-48
42        <package android:name="com.tmoney.tmpay" /> <!-- 티머니페이 -->
42-->[:bootpay_webview_flutter_android] AndroidManifest.xml:32:9-52
42-->[:bootpay_webview_flutter_android] AndroidManifest.xml:32:18-49
43        <package android:name="viva.republica.toss" /> <!-- 토스페이 -->
43-->[:bootpay_webview_flutter_android] AndroidManifest.xml:33:9-55
43-->[:bootpay_webview_flutter_android] AndroidManifest.xml:33:18-52
44        <package android:name="com.kakao.talk" /> <!-- 카카오페이 -->
44-->[:bootpay_webview_flutter_android] AndroidManifest.xml:34:9-50
44-->[:bootpay_webview_flutter_android] AndroidManifest.xml:34:18-47
45        <package android:name="com.mysmilepay.app" /> <!-- 스마일 페이 -->
45-->[:bootpay_webview_flutter_android] AndroidManifest.xml:35:9-54
45-->[:bootpay_webview_flutter_android] AndroidManifest.xml:35:18-51
46        <package android:name="com.lotte.lpay" /> <!-- 엘페이 -->
46-->[:bootpay_webview_flutter_android] AndroidManifest.xml:36:9-50
46-->[:bootpay_webview_flutter_android] AndroidManifest.xml:36:18-47
47        <package android:name="finance.chai.app" /> <!-- 차이 -->
47-->[:bootpay_webview_flutter_android] AndroidManifest.xml:37:9-52
47-->[:bootpay_webview_flutter_android] AndroidManifest.xml:37:18-49
48        <package android:name="com.nhn.android.search" /> <!-- 네이버 -->
48-->[:bootpay_webview_flutter_android] AndroidManifest.xml:38:9-58
48-->[:bootpay_webview_flutter_android] AndroidManifest.xml:38:18-55
49
50
51        <!-- 앱카드 -->
52        <package android:name="kvp.jjy.MispAndroid320" /> <!-- BC 페이북 -->
52-->[:bootpay_webview_flutter_android] AndroidManifest.xml:42:9-58
52-->[:bootpay_webview_flutter_android] AndroidManifest.xml:42:18-55
53        <package android:name="com.kbcard.kbkookmincard" /> <!-- 국민카드 -->
53-->[:bootpay_webview_flutter_android] AndroidManifest.xml:43:9-60
53-->[:bootpay_webview_flutter_android] AndroidManifest.xml:43:18-57
54        <package android:name="com.kbcard.cxh.appcard" /> <!-- 국민카드 -->
54-->[:bootpay_webview_flutter_android] AndroidManifest.xml:44:9-58
54-->[:bootpay_webview_flutter_android] AndroidManifest.xml:44:18-55
55        <package android:name="com.kbstar.liivbank" /> <!-- 국민 리브 -->
55-->[:bootpay_webview_flutter_android] AndroidManifest.xml:45:9-55
55-->[:bootpay_webview_flutter_android] AndroidManifest.xml:45:18-52
56        <package android:name="com.kbstar.reboot" /> <!-- 국민 new 리브 -->
56-->[:bootpay_webview_flutter_android] AndroidManifest.xml:46:9-53
56-->[:bootpay_webview_flutter_android] AndroidManifest.xml:46:18-50
57        <package android:name="com.samsung.android.spay" /> <!-- 삼성페이 -->
57-->[:bootpay_webview_flutter_android] AndroidManifest.xml:47:9-60
57-->[:bootpay_webview_flutter_android] AndroidManifest.xml:47:18-57
58        <package android:name="com.samsung.android.spaylite" /> <!-- 삼성페이 미니 -->
58-->[:bootpay_webview_flutter_android] AndroidManifest.xml:48:9-64
58-->[:bootpay_webview_flutter_android] AndroidManifest.xml:48:18-61
59        <package android:name="com.lge.lgpay" /> <!-- 엘지페이 -->
59-->[:bootpay_webview_flutter_android] AndroidManifest.xml:49:9-49
59-->[:bootpay_webview_flutter_android] AndroidManifest.xml:49:18-46
60        <package android:name="com.hanaskcard.paycla" /> <!-- 하나카드 -->
60-->[:bootpay_webview_flutter_android] AndroidManifest.xml:50:9-57
60-->[:bootpay_webview_flutter_android] AndroidManifest.xml:50:18-54
61        <package android:name="kr.co.hanamembers.hmscustomer" /> <!-- 하나카드(멤버스결제) -->
61-->[:bootpay_webview_flutter_android] AndroidManifest.xml:51:9-65
61-->[:bootpay_webview_flutter_android] AndroidManifest.xml:51:18-62
62        <package android:name="com.lcacApp" /> <!-- 롯데카드 -->
62-->[:bootpay_webview_flutter_android] AndroidManifest.xml:52:9-47
62-->[:bootpay_webview_flutter_android] AndroidManifest.xml:52:18-44
63        <package android:name="kr.co.samsungcard.mpocket" /> <!-- 삼성카드 -->
63-->[:bootpay_webview_flutter_android] AndroidManifest.xml:53:9-61
63-->[:bootpay_webview_flutter_android] AndroidManifest.xml:53:18-58
64        <package android:name="com.shcard.smartpay" /> <!-- 신한카드 -->
64-->[:bootpay_webview_flutter_android] AndroidManifest.xml:54:9-55
64-->[:bootpay_webview_flutter_android] AndroidManifest.xml:54:18-52
65        <package android:name="com.shinhancard.smartshinhan" /> <!-- 신한카드 (ARS/일반결제/Smart결제) -->
65-->[:bootpay_webview_flutter_android] AndroidManifest.xml:55:9-64
65-->[:bootpay_webview_flutter_android] AndroidManifest.xml:55:18-61
66        <package android:name="com.hyundaicard.appcard" /> <!-- 현대카드 -->
66-->[:bootpay_webview_flutter_android] AndroidManifest.xml:56:9-59
66-->[:bootpay_webview_flutter_android] AndroidManifest.xml:56:18-56
67        <package android:name="nh.smart.nhallonepay" /> <!-- 농협카드 -->
67-->[:bootpay_webview_flutter_android] AndroidManifest.xml:57:9-56
67-->[:bootpay_webview_flutter_android] AndroidManifest.xml:57:18-53
68        <package android:name="com.wooricard.wpay" /> <!-- 우리카드 -->
68-->[:bootpay_webview_flutter_android] AndroidManifest.xml:58:9-54
68-->[:bootpay_webview_flutter_android] AndroidManifest.xml:58:18-51
69        <package android:name="com.wooricard.smartapp" /> <!-- 우리 WON 카드 -->
69-->[:bootpay_webview_flutter_android] AndroidManifest.xml:59:9-58
69-->[:bootpay_webview_flutter_android] AndroidManifest.xml:59:18-55
70        <package android:name="com.wooribank.smart.npib" /> <!-- 우리 WON 뱅킹 -->
70-->[:bootpay_webview_flutter_android] AndroidManifest.xml:60:9-60
70-->[:bootpay_webview_flutter_android] AndroidManifest.xml:60:18-57
71        <package android:name="kr.co.citibank.citimobile" /> <!-- 씨티카드 -->
71-->[:bootpay_webview_flutter_android] AndroidManifest.xml:61:9-61
71-->[:bootpay_webview_flutter_android] AndroidManifest.xml:61:18-58
72
73
74        <!-- 계좌이체 -->
75        <package android:name="com.kftc.bankpay.android" /> <!-- 뱅크페이 -->
75-->[:bootpay_webview_flutter_android] AndroidManifest.xml:65:9-60
75-->[:bootpay_webview_flutter_android] AndroidManifest.xml:65:18-57
76        <package android:name="com.kbankwith.smartbank" /> <!-- 케이뱅크 -->
76-->[:bootpay_webview_flutter_android] AndroidManifest.xml:66:9-59
76-->[:bootpay_webview_flutter_android] AndroidManifest.xml:66:18-56
77        <package android:name="com.knb.psb" /> <!-- BNK 경남은행 모바일뱅킹 -->
77-->[:bootpay_webview_flutter_android] AndroidManifest.xml:67:9-47
77-->[:bootpay_webview_flutter_android] AndroidManifest.xml:67:18-44
78        <package android:name="kr.co.kfcc.mobilebank" /> <!-- MG 새마을금고 -->
78-->[:bootpay_webview_flutter_android] AndroidManifest.xml:68:9-57
78-->[:bootpay_webview_flutter_android] AndroidManifest.xml:68:18-54
79        <package android:name="com.nh.cashcardapp" /> <!-- NH앱캐시 -->
79-->[:bootpay_webview_flutter_android] AndroidManifest.xml:69:9-54
79-->[:bootpay_webview_flutter_android] AndroidManifest.xml:69:18-51
80
81
82        <!-- 공인인증(신용카드) -->
83        <package android:name="com.hanaskcard.rocomo.potal" /> <!-- 하나카드 -->
83-->[:bootpay_webview_flutter_android] AndroidManifest.xml:73:9-63
83-->[:bootpay_webview_flutter_android] AndroidManifest.xml:73:18-60
84        <package android:name="com.lumensoft.touchenappfree" /> <!-- 현대카드 -->
84-->[:bootpay_webview_flutter_android] AndroidManifest.xml:74:9-64
84-->[:bootpay_webview_flutter_android] AndroidManifest.xml:74:18-61
85
86
87        <!-- 보안앱 -->
88        <package android:name="com.TouchEn.mVaccine.webs" /> <!-- 신한, 씨티 -->
88-->[:bootpay_webview_flutter_android] AndroidManifest.xml:78:9-61
88-->[:bootpay_webview_flutter_android] AndroidManifest.xml:78:18-58
89        <package android:name="kr.co.shiftworks.vguardweb" /> <!-- 삼성 -->
89-->[:bootpay_webview_flutter_android] AndroidManifest.xml:79:9-62
89-->[:bootpay_webview_flutter_android] AndroidManifest.xml:79:18-59
90        <package android:name="com.ahnlab.v3mobileplus" /> <!-- 하나, 농협, 우리, 국민 리브 -->
90-->[:bootpay_webview_flutter_android] AndroidManifest.xml:80:9-59
90-->[:bootpay_webview_flutter_android] AndroidManifest.xml:80:18-56
91
92
93        <!-- 휴대폰 결제 -->
94        <package android:name="com.kt.ktauth" /> <!-- KT 본인인증 -->
94-->[:bootpay_webview_flutter_android] AndroidManifest.xml:84:9-49
94-->[:bootpay_webview_flutter_android] AndroidManifest.xml:84:18-46
95        <package android:name="kr.danal.app.damoum" /> <!-- 다모음 -->
95-->[:bootpay_webview_flutter_android] AndroidManifest.xml:85:9-55
95-->[:bootpay_webview_flutter_android] AndroidManifest.xml:85:18-52
96        <package android:name="uplus.membership" /> <!-- U+ 멤버스 -->
96-->[:bootpay_webview_flutter_android] AndroidManifest.xml:86:9-52
96-->[:bootpay_webview_flutter_android] AndroidManifest.xml:86:18-49
97    </queries>
98
99    <uses-permission android:name="android.permission.REORDER_TASKS" />
99-->[androidx.test:core:1.4.0] AndroidManifest.xml:24:5-72
99-->[androidx.test:core:1.4.0] AndroidManifest.xml:24:22-69
100
101    <application
101-->src/main/AndroidManifest.xml:4:3-31:17
102        android:appComponentFactory="androidx.core.app.CoreComponentFactory"
102-->[androidx.core:core:1.6.0] AndroidManifest.xml:24:18-86
103        android:debuggable="true"
104        android:icon="@mipmap/ic_launcher"
104-->src/main/AndroidManifest.xml:6:5-39
105        android:label="webview_flutter_example"
105-->src/main/AndroidManifest.xml:7:5-44
106        android:testOnly="true"
107        android:usesCleartextTraffic="true" >
107-->src/main/AndroidManifest.xml:5:5-40
108        <activity
108-->src/debug/AndroidManifest.xml:8:9-15:20
109            android:name="kr.co.bootpay.webviewflutterexample.WebViewTestActivity"
109-->src/debug/AndroidManifest.xml:9:13-48
110            android:configChanges="orientation|keyboardHidden|keyboard|screenSize|smallestScreenSize|locale|layoutDirection|fontScale|screenLayout|density|uiMode"
110-->src/debug/AndroidManifest.xml:12:13-163
111            android:hardwareAccelerated="true"
111-->src/debug/AndroidManifest.xml:13:13-47
112            android:launchMode="singleTop"
112-->src/debug/AndroidManifest.xml:10:13-43
113            android:theme="@style/LaunchTheme"
113-->src/debug/AndroidManifest.xml:11:13-47
114            android:windowSoftInputMode="adjustResize" >
114-->src/debug/AndroidManifest.xml:14:13-55
115        </activity>
116        <activity
116-->src/debug/AndroidManifest.xml:16:9-23:20
117            android:name="kr.co.bootpay.webviewflutterexample.DriverExtensionActivity"
117-->src/debug/AndroidManifest.xml:17:17-56
118            android:configChanges="orientation|keyboardHidden|keyboard|screenSize|smallestScreenSize|locale|layoutDirection|fontScale|screenLayout|density|uiMode"
118-->src/debug/AndroidManifest.xml:20:17-167
119            android:hardwareAccelerated="true"
119-->src/debug/AndroidManifest.xml:21:17-51
120            android:launchMode="singleTop"
120-->src/debug/AndroidManifest.xml:18:17-47
121            android:theme="@style/LaunchTheme"
121-->src/debug/AndroidManifest.xml:19:17-51
122            android:windowSoftInputMode="adjustResize" >
122-->src/debug/AndroidManifest.xml:22:17-59
123        </activity>
124
125        <meta-data
125-->src/main/AndroidManifest.xml:8:5-10:29
126            android:name="flutterEmbedding"
126-->src/main/AndroidManifest.xml:9:9-40
127            android:value="2" />
127-->src/main/AndroidManifest.xml:10:9-26
128
129        <activity
129-->src/main/AndroidManifest.xml:11:5-30:16
130            android:name="io.flutter.embedding.android.FlutterActivity"
130-->src/main/AndroidManifest.xml:16:7-66
131            android:configChanges="orientation|keyboardHidden|keyboard|screenSize|locale|layoutDirection|fontScale|screenLayout|density|uiMode"
131-->src/main/AndroidManifest.xml:12:7-138
132            android:exported="true"
132-->src/main/AndroidManifest.xml:15:7-30
133            android:hardwareAccelerated="true"
133-->src/main/AndroidManifest.xml:13:7-41
134            android:launchMode="singleTop"
134-->src/main/AndroidManifest.xml:14:7-37
135            android:theme="@style/LaunchTheme"
135-->src/main/AndroidManifest.xml:17:7-41
136            android:windowSoftInputMode="adjustResize" >
136-->src/main/AndroidManifest.xml:18:7-49
137
138            <!--
139           This keeps the window background of the activity showing
140           until Flutter renders its first frame. It can be removed if
141           there is no splash screen (such as the default splash screen
142           defined in @style/LaunchTheme).
143            -->
144            <meta-data
144-->src/main/AndroidManifest.xml:23:7-25:31
145                android:name="io.flutter.app.android.SplashScreenUntilFirstFrame"
145-->src/main/AndroidManifest.xml:24:9-74
146                android:value="true" />
146-->src/main/AndroidManifest.xml:25:9-29
147
148            <intent-filter>
148-->src/main/AndroidManifest.xml:26:7-29:23
149                <action android:name="android.intent.action.MAIN" />
149-->src/main/AndroidManifest.xml:27:9-60
149-->src/main/AndroidManifest.xml:27:17-58
150
151                <category android:name="android.intent.category.LAUNCHER" />
151-->src/main/AndroidManifest.xml:28:9-68
151-->src/main/AndroidManifest.xml:28:19-66
152            </intent-filter>
153        </activity>
154        <activity
154-->[androidx.test:core:1.4.0] AndroidManifest.xml:27:9-34:20
155            android:name="androidx.test.core.app.InstrumentationActivityInvoker$BootstrapActivity"
155-->[androidx.test:core:1.4.0] AndroidManifest.xml:28:13-99
156            android:exported="true"
156-->[androidx.test:core:1.4.0] AndroidManifest.xml:29:13-36
157            android:theme="@android:style/Theme" >
157-->[androidx.test:core:1.4.0] AndroidManifest.xml:30:13-49
158            <intent-filter>
158-->[androidx.test:core:1.4.0] AndroidManifest.xml:31:13-33:29
159                <action android:name="android.intent.action.MAIN" />
159-->src/main/AndroidManifest.xml:27:9-60
159-->src/main/AndroidManifest.xml:27:17-58
160            </intent-filter>
161        </activity>
162        <activity
162-->[androidx.test:core:1.4.0] AndroidManifest.xml:35:9-42:20
163            android:name="androidx.test.core.app.InstrumentationActivityInvoker$EmptyActivity"
163-->[androidx.test:core:1.4.0] AndroidManifest.xml:36:13-95
164            android:exported="true"
164-->[androidx.test:core:1.4.0] AndroidManifest.xml:37:13-36
165            android:theme="@android:style/Theme" >
165-->[androidx.test:core:1.4.0] AndroidManifest.xml:38:13-49
166            <intent-filter>
166-->[androidx.test:core:1.4.0] AndroidManifest.xml:31:13-33:29
167                <action android:name="android.intent.action.MAIN" />
167-->src/main/AndroidManifest.xml:27:9-60
167-->src/main/AndroidManifest.xml:27:17-58
168            </intent-filter>
169        </activity>
170        <activity
170-->[androidx.test:core:1.4.0] AndroidManifest.xml:43:9-50:20
171            android:name="androidx.test.core.app.InstrumentationActivityInvoker$EmptyFloatingActivity"
171-->[androidx.test:core:1.4.0] AndroidManifest.xml:44:13-103
172            android:exported="true"
172-->[androidx.test:core:1.4.0] AndroidManifest.xml:45:13-36
173            android:theme="@android:style/Theme.Dialog" >
173-->[androidx.test:core:1.4.0] AndroidManifest.xml:46:13-56
174            <intent-filter>
174-->[androidx.test:core:1.4.0] AndroidManifest.xml:31:13-33:29
175                <action android:name="android.intent.action.MAIN" />
175-->src/main/AndroidManifest.xml:27:9-60
175-->src/main/AndroidManifest.xml:27:17-58
176            </intent-filter>
177        </activity>
178    </application>
179
180</manifest>